app/build/intermediates/manifest_merge_blame_file/debug/processDebugMainManifest/manifest-merger-blame-debug-report.txt
1<?xml version="1.0" encoding="utf-8"?>
2<manifest xmlns:android="http://schemas.android.com/apk/res/android"
3    package="com.example.androidautohelloworld"
4    android:versionCode="1"
5    android:versionName="1.0" >
6
7    <uses-sdk
7-->INJECTED
8        android:minSdkVersion="23"
8-->INJECTED
9        android:targetSdkVersion="34" />
9-->INJECTED
10
11    <uses-permission android:name="android.permission.INTERNET" />
11-->src\main\AndroidManifest.xml:5:5-67
11-->src\main\AndroidManifest.xml:5:22-64
12    <uses-permission android:name="android.permission.ACCESS_FINE_LOCATION" />
12-->src\main\AndroidManifest.xml:6:5-79
12-->src\main\AndroidManifest.xml:6:22-76
13    <uses-permission android:name="android.permission.ACCESS_COARSE_LOCATION" />
13-->src\main\AndroidManifest.xml:7:5-81
13-->src\main\AndroidManifest.xml:7:22-78
14    <uses-permission android:name="android.permission.FOREGROUND_SERVICE" />
14-->src\main\AndroidManifest.xml:8:5-77
14-->src\main\AndroidManifest.xml:8:22-74
15    <uses-permission android:name="androidx.car.app.permission.ACCESS_SURFACE" />
15-->src\main\AndroidManifest.xml:9:5-82
15-->src\main\AndroidManifest.xml:9:22-79
16
17    <uses-feature
17-->src\main\AndroidManifest.xml:11:5-13:36
18        android:name="android.hardware.type.automotive"
18-->src\main\AndroidManifest.xml:12:9-56
19        android:required="false" />
19-->src\main\AndroidManifest.xml:13:9-33
20    <uses-feature
20-->src\main\AndroidManifest.xml:14:5-16:36
21        android:name="android.software.car.templates_host"
21-->src\main\AndroidManifest.xml:15:9-59
22        android:required="false" />
22-->src\main\AndroidManifest.xml:16:9-33
23
24    <queries>
24-->[androidx.car.app:app:1.4.0] AndroidManifest.xml:23:5-28:15
25        <provider
25-->[androidx.car.app:app:1.4.0] AndroidManifest.xml:24:9-27:43
26            android:name="androidx.car.app.connection.provider"
26-->[androidx.car.app:app:1.4.0] AndroidManifest.xml:25:13-64
27            android:authorities="androidx.car.app.connection" />
27-->[androidx.car.app:app:1.4.0] AndroidManifest.xml:26:13-62
28    </queries>
29
30    <permission
30-->[androidx.core:core:1.9.0] AndroidManifest.xml:22:5-24:47
31        android:name="com.example.androidautohelloworld.DYNAMIC_RECEIVER_NOT_EXPORTED_PERMISSION"
31-->[androidx.core:core:1.9.0] AndroidManifest.xml:23:9-81
32        android:protectionLevel="signature" />
32-->[androidx.core:core:1.9.0] AndroidManifest.xml:24:9-44
33
34    <uses-permission android:name="com.example.androidautohelloworld.DYNAMIC_RECEIVER_NOT_EXPORTED_PERMISSION" />
34-->[androidx.core:core:1.9.0] AndroidManifest.xml:26:5-97
34-->[androidx.core:core:1.9.0] AndroidManifest.xml:26:22-94
35
36    <application
36-->src\main\AndroidManifest.xml:18:5-62:19
37        android:allowBackup="true"
37-->src\main\AndroidManifest.xml:19:9-35
38        android:appComponentFactory="androidx.core.app.CoreComponentFactory"
38-->[androidx.core:core:1.9.0] AndroidManifest.xml:28:18-86
39        android:debuggable="true"
40        android:extractNativeLibs="false"
40-->INJECTED
41        android:icon="@mipmap/ic_launcher"
41-->src\main\AndroidManifest.xml:20:9-43
42        android:label="@string/app_name"
42-->src\main\AndroidManifest.xml:21:9-41
43        android:roundIcon="@mipmap/ic_launcher_round"
43-->src\main\AndroidManifest.xml:22:9-54
44        android:supportsRtl="true"
44-->src\main\AndroidManifest.xml:23:9-35
45        android:testOnly="true"
46        android:theme="@style/Theme.AndroidAutoHelloWorld" >
46-->src\main\AndroidManifest.xml:24:9-59
47        <activity
47-->src\main\AndroidManifest.xml:27:9-37:20
48            android:name="com.example.androidautohelloworld.MainActivity"
48-->src\main\AndroidManifest.xml:28:13-41
49            android:exported="true" >
49-->src\main\AndroidManifest.xml:29:13-36
50            <intent-filter>
50-->src\main\AndroidManifest.xml:30:13-33:29
51                <action android:name="android.intent.action.MAIN" />
51-->src\main\AndroidManifest.xml:31:17-69
51-->src\main\AndroidManifest.xml:31:25-66
52
53                <category android:name="android.intent.category.LAUNCHER" />
53-->src\main\AndroidManifest.xml:32:17-77
53-->src\main\AndroidManifest.xml:32:27-74
54            </intent-filter>
55
56            <meta-data
56-->src\main\AndroidManifest.xml:34:13-36:40
57                android:name="distractionOptimized"
57-->src\main\AndroidManifest.xml:35:17-52
58                android:value="true" />
58-->src\main\AndroidManifest.xml:36:17-37
59        </activity>
60
61        <!-- Android Auto Car App Service -->
62        <service
62-->src\main\AndroidManifest.xml:40:9-52:19
63            android:name="com.example.androidautohelloworld.HelloCarAppService"
63-->src\main\AndroidManifest.xml:41:13-47
64            android:exported="true"
64-->src\main\AndroidManifest.xml:42:13-36
65            android:icon="@mipmap/ic_launcher"
65-->src\main\AndroidManifest.xml:44:13-47
66            android:label="@string/app_name" >
66-->src\main\AndroidManifest.xml:43:13-45
67            <intent-filter>
67-->src\main\AndroidManifest.xml:45:13-48:29
68                <action android:name="androidx.car.app.CarAppService" />
68-->src\main\AndroidManifest.xml:46:17-73
68-->src\main\AndroidManifest.xml:46:25-70
69
70                <category android:name="androidx.car.app.category.POI" />
70-->src\main\AndroidManifest.xml:47:17-74
70-->src\main\AndroidManifest.xml:47:27-71
71            </intent-filter>
72
73            <meta-data
73-->src\main\AndroidManifest.xml:49:13-51:37
74                android:name="androidx.car.app.minCarApiLevel"
74-->src\main\AndroidManifest.xml:50:17-63
75                android:value="1" />
75-->src\main\AndroidManifest.xml:51:17-34
76        </service>
77
78        <meta-data
78-->src\main\AndroidManifest.xml:54:9-56:59
79            android:name="com.google.android.gms.car.application"
79-->src\main\AndroidManifest.xml:55:13-66
80            android:resource="@xml/automotive_app_desc" />
80-->src\main\AndroidManifest.xml:56:13-56
81        <meta-data
81-->src\main\AndroidManifest.xml:49:13-51:37
82            android:name="androidx.car.app.minCarApiLevel"
82-->src\main\AndroidManifest.xml:50:17-63
83            android:value="1" />
83-->src\main\AndroidManifest.xml:51:17-34
84
85        <activity
85-->[androidx.car.app:app:1.4.0] AndroidManifest.xml:31:9-34:75
86            android:name="androidx.car.app.CarAppPermissionActivity"
86-->[androidx.car.app:app:1.4.0] AndroidManifest.xml:32:13-69
87            android:exported="false"
87-->[androidx.car.app:app:1.4.0] AndroidManifest.xml:33:13-37
88            android:theme="@android:style/Theme.Translucent.NoTitleBar" />
88-->[androidx.car.app:app:1.4.0] AndroidManifest.xml:34:13-72
89
90        <receiver
90-->[androidx.car.app:app:1.4.0] AndroidManifest.xml:36:9-38:40
91            android:name="androidx.car.app.notification.CarAppNotificationBroadcastReceiver"
91-->[androidx.car.app:app:1.4.0] AndroidManifest.xml:37:13-93
92            android:exported="false" />
92-->[androidx.car.app:app:1.4.0] AndroidManifest.xml:38:13-37
93
94        <activity
94-->[com.google.android.gms:play-services-base:18.1.0] AndroidManifest.xml:20:9-22:45
95            android:name="com.google.android.gms.common.api.GoogleApiActivity"
95-->[com.google.android.gms:play-services-base:18.1.0] AndroidManifest.xml:20:19-85
96            android:exported="false"
96-->[com.google.android.gms:play-services-base:18.1.0] AndroidManifest.xml:22:19-43
97            android:theme="@android:style/Theme.Translucent.NoTitleBar" />
97-->[com.google.android.gms:play-services-base:18.1.0] AndroidManifest.xml:21:19-78
98
99        <meta-data
99-->[com.google.android.gms:play-services-basement:18.1.0] AndroidManifest.xml:21:9-23:69
100            android:name="com.google.android.gms.version"
100-->[com.google.android.gms:play-services-basement:18.1.0] AndroidManifest.xml:22:13-58
101            android:value="@integer/google_play_services_version" />
101-->[com.google.android.gms:play-services-basement:18.1.0] AndroidManifest.xml:23:13-66
102
103        <provider
103-->[androidx.emoji2:emoji2:1.2.0] AndroidManifest.xml:24:9-32:20
104            android:name="androidx.startup.InitializationProvider"
104-->[androidx.emoji2:emoji2:1.2.0] AndroidManifest.xml:25:13-67
105            android:authorities="com.example.androidautohelloworld.androidx-startup"
105-->[androidx.emoji2:emoji2:1.2.0] AndroidManifest.xml:26:13-68
106            android:exported="false" >
106-->[androidx.emoji2:emoji2:1.2.0] AndroidManifest.xml:27:13-37
107            <meta-data
107-->[androidx.emoji2:emoji2:1.2.0] AndroidManifest.xml:29:13-31:52
108                android:name="androidx.emoji2.text.EmojiCompatInitializer"
108-->[androidx.emoji2:emoji2:1.2.0] AndroidManifest.xml:30:17-75
109                android:value="androidx.startup" />
109-->[androidx.emoji2:emoji2:1.2.0] AndroidManifest.xml:31:17-49
110            <meta-data
110-->[androidx.lifecycle:lifecycle-process:2.6.1] AndroidManifest.xml:29:13-31:52
111                android:name="androidx.lifecycle.ProcessLifecycleInitializer"
111-->[androidx.lifecycle:lifecycle-process:2.6.1] AndroidManifest.xml:30:17-78
112                android:value="androidx.startup" />
112-->[androidx.lifecycle:lifecycle-process:2.6.1] AndroidManifest.xml:31:17-49
113            <meta-data
113-->[androidx.profileinstaller:profileinstaller:1.3.0] AndroidManifest.xml:29:13-31:52
114                android:name="androidx.profileinstaller.ProfileInstallerInitializer"
114-->[androidx.profileinstaller:profileinstaller:1.3.0] AndroidManifest.xml:30:17-85
115                android:value="androidx.startup" />
115-->[androidx.profileinstaller:profileinstaller:1.3.0] AndroidManifest.xml:31:17-49
116        </provider>
117
118        <receiver
118-->[androidx.profileinstaller:profileinstaller:1.3.0] AndroidManifest.xml:34:9-52:20
119            android:name="androidx.profileinstaller.ProfileInstallReceiver"
119-->[androidx.profileinstaller:profileinstaller:1.3.0] AndroidManifest.xml:35:13-76
120            android:directBootAware="false"
120-->[androidx.profileinstaller:profileinstaller:1.3.0] AndroidManifest.xml:36:13-44
121            android:enabled="true"
121-->[androidx.profileinstaller:profileinstaller:1.3.0] AndroidManifest.xml:37:13-35
122            android:exported="true"
122-->[androidx.profileinstaller:profileinstaller:1.3.0] AndroidManifest.xml:38:13-36
123            android:permission="android.permission.DUMP" >
123-->[androidx.profileinstaller:profileinstaller:1.3.0] AndroidManifest.xml:39:13-57
124            <intent-filter>
124-->[androidx.profileinstaller:profileinstaller:1.3.0] AndroidManifest.xml:40:13-42:29
125                <action android:name="androidx.profileinstaller.action.INSTALL_PROFILE" />
125-->[androidx.profileinstaller:profileinstaller:1.3.0] AndroidManifest.xml:41:17-91
125-->[androidx.profileinstaller:profileinstaller:1.3.0] AndroidManifest.xml:41:25-88
126            </intent-filter>
127            <intent-filter>
127-->[androidx.profileinstaller:profileinstaller:1.3.0] AndroidManifest.xml:43:13-45:29
128                <action android:name="androidx.profileinstaller.action.SKIP_FILE" />
128-->[androidx.profileinstaller:profileinstaller:1.3.0] AndroidManifest.xml:44:17-85
128-->[androidx.profileinstaller:profileinstaller:1.3.0] AndroidManifest.xml:44:25-82
129            </intent-filter>
130            <intent-filter>
130-->[androidx.profileinstaller:profileinstaller:1.3.0] AndroidManifest.xml:46:13-48:29
131                <action android:name="androidx.profileinstaller.action.SAVE_PROFILE" />
131-->[androidx.profileinstaller:profileinstaller:1.3.0] AndroidManifest.xml:47:17-88
131-->[androidx.profileinstaller:profileinstaller:1.3.0] AndroidManifest.xml:47:25-85
132            </intent-filter>
133            <intent-filter>
133-->[androidx.profileinstaller:profileinstaller:1.3.0] AndroidManifest.xml:49:13-51:29
134                <action android:name="androidx.profileinstaller.action.BENCHMARK_OPERATION" />
134-->[androidx.profileinstaller:profileinstaller:1.3.0] AndroidManifest.xml:50:17-95
134-->[androidx.profileinstaller:profileinstaller:1.3.0] AndroidManifest.xml:50:25-92
135            </intent-filter>
136        </receiver>
137    </application>
138
139</manifest>